<?xml version="1.0" encoding="UTF-8"?>
<testsuite xmlns:xsi="http://www.w3.org/2001/XMLSchema-instance" xsi:noNamespaceSchemaLocation="https://maven.apache.org/surefire/maven-surefire-plugin/xsd/surefire-test-report.xsd" version="3.0.2" name="com.itbaifantuan.PolarisWebManagementApplicationTests" time="3.52" tests="1" errors="0" skipped="0" failures="0">
  <properties>
[...]
</properties>
  <testcase name="contextLoads" classname="com.itbaifantuan.PolarisWebManagementApplicationTests" time="0.536">
    <system-out><![CDATA[20:24:09.388 [main] INFO org.springframework.test.context.support.AnnotationConfigContextLoaderUtils -- Could not detect default configuration classes for test class [com.itbaifantuan.PolarisWebManagementApplicationTests]: PolarisWebManagementApplicationTests does not declare any static, non-private, non-final, nested classes annotated with @Configuration.
20:24:09.490 [main] INFO org.springframework.boot.test.context.SpringBootTestContextBootstrapper -- Found @SpringBootConfiguration com.itbaifantuan.PolarisWebManagementApplication for test class com.itbaifantuan.PolarisWebManagementApplicationTests

  .   ____          _            __ _ _
 /\\ / ___'_ __ _ _(_)_ __  __ _ \ \ \ \
( ( )\___ | '_ | '_| | '_ \/ _` | \ \ \ \
 \\/  ___)| |_)| | | | | || (_| |  ) ) ) )
  '  |____| .__|_| |_|_| |_\__, | / / / /
 =========|_|==============|___/=/_/_/_/

 :: Spring Boot ::                (v3.5.7)

2025-12-07T20:24:09.881+08:00  INFO 35368 --- [tlias-web-management] [           main] c.i.PolarisWebManagementApplicationTests : Starting PolarisWebManagementApplicationTests using Java 17.0.16 with PID 35368 (started by 31755 in D:\web_project\web_project02\Polaris-web-management)
2025-12-07T20:24:09.883+08:00  INFO 35368 --- [tlias-web-management] [           main] c.i.PolarisWebManagementApplicationTests : No active profile set, falling back to 1 default profile: "default"
Logging initialized using 'class org.apache.ibatis.logging.stdout.StdOutImpl' adapter.


,------.                           ,--.  ,--.         ,--.                         
|  .--. '  ,--,--.  ,---.   ,---.  |  '--'  |  ,---.  |  |  ,---.   ,---.  ,--.--. 
|  '--' | ' ,-.  | | .-. | | .-. : |  .--.  | | .-. : |  | | .-. | | .-. : |  .--' 
|  | --'  \ '-'  | ' '-' ' \   --. |  |  |  | \   --. |  | | '-' ' \   --. |  |    
`--'       `--`--' .`-  /   `----' `--'  `--'  `----' `--' |  |-'   `----' `--'    
                   `---'                                   `--'                        is intercepting.

2025-12-07T20:24:12.225+08:00  INFO 35368 --- [tlias-web-management] [           main] c.i.PolarisWebManagementApplicationTests : Started PolarisWebManagementApplicationTests in 2.591 seconds (process running for 3.407)
]]></system-out>
  </testcase>
</testsuite>